Log file open, 01/17/25 01:38:02
LogConsoleResponse: Display: Failed to find resolution value strings in scalability ini. Falling back to default.
LogConsoleResponse: Display: Failed to find resolution value strings in scalability ini. Falling back to default.
LogPakFile: Display: Found Pak file ../../../Icarus/Content/Paks/pakchunk0_s5-WindowsServer.pak attempting to mount.
LogPakFile: Display: Mounting pak file ../../../Icarus/Content/Paks/pakchunk0_s5-WindowsServer.pak.
LogPakFile: PakFile PrimaryIndexSize=114813
LogPakFile: PakFile PathHashIndexSize=79546
LogPakFile: PakFile FullDirectoryIndexSize=293577
LogShaderLibrary: Display: ShaderCodeLibraryPakFileMountedCallback: PakFile '../../../Icarus/Content/Paks/pakchunk0_s5-WindowsServer.pak' (chunk index 0, root '../../../Icarus/') mounted
LogShaderLibrary: Display: ShaderCodeLibraryPakFileMountedCallback: pending pak file info (ChunkID:0 Root:../../../Icarus/ File:../../../Icarus/Content/Paks/pakchunk0_s5-WindowsServer.pak)
LogPakFile: OnPakFileMounted2Time == 0.000015
LogPakFile: Display: Found Pak file ../../../Icarus/Content/Paks/pakchunk0_s4-WindowsServer.pak attempting to mount.
LogPakFile: Display: Mounting pak file ../../../Icarus/Content/Paks/pakchunk0_s4-WindowsServer.pak.
LogPakFile: PakFile PrimaryIndexSize=41382
LogPakFile: PakFile PathHashIndexSize=22616
LogPakFile: PakFile FullDirectoryIndexSize=92973
LogShaderLibrary: Display: ShaderCodeLibraryPakFileMountedCallback: PakFile '../../../Icarus/Content/Paks/pakchunk0_s4-WindowsServer.pak' (chunk index 0, root '../../../Icarus/Content/Maps/') mounted
LogShaderLibrary: Display: ShaderCodeLibraryPakFileMountedCallback: pending pak file info (ChunkID:0 Root:../../../Icarus/Content/Maps/ File:../../../Icarus/Content/Paks/pakchunk0_s4-WindowsServer.pak)
LogPakFile: OnPakFileMounted2Time == 0.000013
LogPakFile: Display: Found Pak file ../../../Icarus/Content/Paks/pakchunk0_s3-WindowsServer.pak attempting to mount.
LogPakFile: Display: Mounting pak file ../../../Icarus/Content/Paks/pakchunk0_s3-WindowsServer.pak.
LogPakFile: PakFile PrimaryIndexSize=45838
LogPakFile: PakFile PathHashIndexSize=26024
LogPakFile: PakFile FullDirectoryIndexSize=107427
LogShaderLibrary: Display: ShaderCodeLibraryPakFileMountedCallback: PakFile '../../../Icarus/Content/Paks/pakchunk0_s3-WindowsServer.pak' (chunk index 0, root '../../../Icarus/Content/Maps/') mounted
LogShaderLibrary: Display: ShaderCodeLibraryPakFileMountedCallback: pending pak file info (ChunkID:0 Root:../../../Icarus/Content/Maps/ File:../../../Icarus/Content/Paks/pakchunk0_s3-WindowsServer.pak)
LogPakFile: OnPakFileMounted2Time == 0.000017
LogPakFile: Display: Found Pak file ../../../Icarus/Content/Paks/pakchunk0_s2-WindowsServer.pak attempting to mount.
LogPakFile: Display: Mounting pak file ../../../Icarus/Content/Paks/pakchunk0_s2-WindowsServer.pak.
LogPakFile: PakFile PrimaryIndexSize=33286
LogPakFile: PakFile PathHashIndexSize=16520
LogPakFile: PakFile FullDirectoryIndexSize=63443
LogShaderLibrary: Display: ShaderCodeLibraryPakFileMountedCallback: PakFile '../../../Icarus/Content/Paks/pakchunk0_s2-WindowsServer.pak' (chunk index 0, root '../../../Icarus/Content/Maps/') mounted
LogShaderLibrary: Display: ShaderCodeLibraryPakFileMountedCallback: pending pak file info (ChunkID:0 Root:../../../Icarus/Content/Maps/ File:../../../Icarus/Content/Paks/pakchunk0_s2-WindowsServer.pak)
LogPakFile: OnPakFileMounted2Time == 0.000014
LogPakFile: Display: Found Pak file ../../../Icarus/Content/Paks/pakchunk0_s1-WindowsServer.pak attempting to mount.
LogPakFile: Display: Mounting pak file ../../../Icarus/Content/Paks/pakchunk0_s1-WindowsServer.pak.
LogPakFile: PakFile PrimaryIndexSize=1050165
LogPakFile: PakFile PathHashIndexSize=773228
LogPakFile: PakFile FullDirectoryIndexSize=2665196
LogShaderLibrary: Display: ShaderCodeLibraryPakFileMountedCallback: PakFile '../../../Icarus/Content/Paks/pakchunk0_s1-WindowsServer.pak' (chunk index 0, root '../../../Icarus/Content/') mounted
LogShaderLibrary: Display: ShaderCodeLibraryPakFileMountedCallback: pending pak file info (ChunkID:0 Root:../../../Icarus/Content/ File:../../../Icarus/Content/Paks/pakchunk0_s1-WindowsServer.pak)
LogPakFile: OnPakFileMounted2Time == 0.000024
LogPakFile: Display: Found Pak file ../../../Icarus/Content/Paks/pakchunk0-WindowsServer.pak attempting to mount.
LogPakFile: Display: Mounting pak file ../../../Icarus/Content/Paks/pakchunk0-WindowsServer.pak.
LogPakFile: PakFile PrimaryIndexSize=721218
LogPakFile: PakFile PathHashIndexSize=593508
LogPakFile: PakFile FullDirectoryIndexSize=1793593
LogShaderLibrary: Display: ShaderCodeLibraryPakFileMountedCallback: PakFile '../../../Icarus/Content/Paks/pakchunk0-WindowsServer.pak' (chunk index 0, root '../../../') mounted
LogShaderLibrary: Display: ShaderCodeLibraryPakFileMountedCallback: pending pak file info (ChunkID:0 Root:../../../ File:../../../Icarus/Content/Paks/pakchunk0-WindowsServer.pak)
LogPakFile: OnPakFileMounted2Time == 0.000019
LogPlatformFile: Not using cached read wrapper
LogTaskGraph: Started task graph with 4 named threads and 8 total threads with 1 sets of task threads.
LogICUInternationalization: ICU TimeZone Detection - Raw Offset: +0:00, Platform Override: ''
LogInit: Display: Loading text-based GConfig....
LogPluginManager: Mounting plugin ApexDestruction
LogPluginManager: Mounting plugin Gauntlet
LogPluginManager: Mounting plugin TalentEditor
LogPluginManager: Mounting plugin IcarusDataTables
LogPluginManager: Mounting plugin Toml
LogPluginManager: Mounting plugin FMODStudio
LogPluginManager: Mounting plugin ProceduralMeshComponent
LogPluginManager: Mounting plugin EditorScriptingUtilities
LogPluginManager: Mounting plugin ReplicationGraph
LogPluginManager: Mounting plugin ElectronicNodes
LogPluginManager: Mounting plugin AdvancedSessions
LogPluginManager: Mounting plugin OnlineSubsystem
LogPluginManager: Mounting plugin OnlineSubsystemUtils
LogPluginManager: Mounting plugin AdvancedSteamSessions
LogPluginManager: Mounting plugin OnlineSubsystemSteam
LogPluginManager: Mounting plugin SteamShared
LogPluginManager: Mounting plugin VanguardBPLibrary
LogPluginManager: Mounting plugin IcarusShaderPlugin
LogPluginManager: Mounting plugin OnlineSubsystemIcarus
LogPluginManager: Mounting plugin OnlineSubsystemNull
LogPluginManager: Mounting plugin OnlineSubsystemEOS
LogPluginManager: Mounting plugin IcarusCodeGenerator
LogPluginManager: Mounting plugin MegascansPlugin
LogPluginManager: Mounting plugin PythonScriptPlugin
LogPluginManager: Mounting plugin AlembicImporter
LogPluginManager: Mounting plugin GeometryCache
LogPluginManager: Mounting plugin SQLiteSupport
LogPluginManager: Mounting plugin DatabaseSupport
LogPluginManager: Mounting plugin SQLiteCore
LogPluginManager: Mounting plugin Substance
LogPluginManager: Mounting plugin GameplayTexture
LogPluginManager: Mounting plugin IcarusMeshWidget
LogPluginManager: Mounting plugin Shotgun
LogPluginManager: Mounting plugin DragonIKPlugin
LogPluginManager: Mounting plugin EditorTests
LogPluginManager: Mounting plugin Volumetrics
LogPluginManager: Mounting plugin BlueprintMaterialTextureNodes
LogPluginManager: Mounting plugin Landmass
LogPluginManager: Mounting plugin FunctionalTestingEditor
LogPluginManager: Mounting plugin Strider
LogPluginManager: Mounting plugin DeveloperToolsPlugin
LogPluginManager: Mounting plugin VirtualHeightfieldMesh
LogPluginManager: Mounting plugin HairStrands
LogPluginManager: Mounting plugin Niagara
LogPluginManager: Mounting plugin ControlRig
LogPluginManager: Mounting plugin LevelSequenceEditor
LogPluginManager: Mounting plugin FullBodyIK
LogPluginManager: Mounting plugin AlembicHairImporter
LogPluginManager: Mounting plugin DLSS
LogPluginManager: Mounting plugin LiveLinkControlRig
LogPluginManager: Mounting plugin LiveLink
LogPluginManager: Mounting plugin Takes
LogPluginManager: Mounting plugin TraceSourceFilters
LogPluginManager: Mounting plugin GameplayInsights
LogPluginManager: Mounting plugin TraceDataFilters
LogPluginManager: Mounting plugin RTXGI
LogPluginManager: Mounting plugin ActorPalette
LogPluginManager: Mounting plugin SmoothSyncPlugin
LogPluginManager: Mounting plugin GFur
LogPluginManager: Mounting plugin DataValidation
LogPluginManager: Mounting plugin SlateInsights
LogPluginManager: Mounting plugin GameplayCameras
LogPluginManager: Mounting plugin TemplateSequence
LogPluginManager: Mounting plugin FSR
LogPluginManager: Mounting plugin OodleData
LogPluginManager: Mounting plugin Streamline
LogPluginManager: Mounting plugin IcarusCommandlets
LogPluginManager: Mounting plugin RW_Atmosphere
LogPluginManager: Mounting plugin Sentry
LogPluginManager: Mounting plugin VisualDebugger
LogPluginManager: Mounting plugin Paper2D
LogPluginManager: Mounting plugin AISupport
LogPluginManager: Mounting plugin EnvironmentQueryEditor
LogPluginManager: Mounting plugin LightPropagationVolume
LogPluginManager: Mounting plugin CameraShakePreviewer
LogPluginManager: Mounting plugin OodleNetwork
LogPluginManager: Mounting plugin AnimationSharing
LogPluginManager: Mounting plugin SignificanceManager
LogPluginManager: Mounting plugin PluginUtils
LogPluginManager: Mounting plugin PropertyAccessEditor
LogPluginManager: Mounting plugin UObjectPlugin
LogPluginManager: Mounting plugin AssetManagerEditor
LogPluginManager: Mounting plugin FacialAnimation
LogPluginManager: Mounting plugin GeometryMode
LogPluginManager: Mounting plugin SpeedTreeImporter
LogPluginManager: Mounting plugin DatasmithContent
LogPluginManager: Mounting plugin VariantManagerContent
LogPluginManager: Mounting plugin AutomationUtils
LogPluginManager: Mounting plugin ScreenshotTools
LogPluginManager: Mounting plugin BackChannel
LogPluginManager: Mounting plugin ChaosClothEditor
LogPluginManager: Mounting plugin ChaosCloth
LogPluginManager: Mounting plugin ChaosEditor
LogPluginManager: Mounting plugin PlanarCut
LogPluginManager: Mounting plugin GeometryProcessing
LogPluginManager: Mounting plugin EditableMesh
LogPluginManager: Mounting plugin GeometryCollectionPlugin
LogPluginManager: Mounting plugin ChaosSolverPlugin
LogPluginManager: Mounting plugin ChaosNiagara
LogPluginManager: Mounting plugin CharacterAI
LogPluginManager: Mounting plugin MotoSynth
LogPluginManager: Mounting plugin OpenImageDenoise
LogPluginManager: Mounting plugin PlatformCrypto
LogPluginManager: Mounting plugin MagicLeapPassableWorld
LogPluginManager: Mounting plugin MLSDK
LogPluginManager: Mounting plugin AvfMedia
LogPluginManager: Mounting plugin ImgMedia
LogPluginManager: Mounting plugin MediaCompositing
LogPluginManager: Mounting plugin MeshPainting
LogPluginManager: Mounting plugin TcpMessaging
LogPluginManager: Mounting plugin UdpMessaging
LogPluginManager: Mounting plugin ActorSequence
LogPluginManager: Mounting plugin MatineeToLevelSequence
LogPluginManager: Mounting plugin LauncherChunkInstaller
LogPluginManager: Mounting plugin ActorLayerUtilities
LogPluginManager: Mounting plugin AndroidPermission
LogPluginManager: Mounting plugin AppleImageUtils
LogPluginManager: Mounting plugin ArchVisCharacter
LogPluginManager: Mounting plugin AssetTags
LogPluginManager: Mounting plugin AudioCapture
LogPluginManager: Mounting plugin CableComponent
LogPluginManager: Mounting plugin ChunkDownloader
LogPluginManager: Mounting plugin CustomMeshComponent
LogPluginManager: Mounting plugin ExampleDeviceProfileSelector
LogPluginManager: Mounting plugin GooglePAD
LogPluginManager: Mounting plugin LocationServicesBPLibrary
LogPluginManager: Mounting plugin MobilePatchingUtils
LogPluginManager: Mounting plugin RuntimePhysXCooking
LogPluginManager: Mounting plugin SoundFields
LogPluginManager: Mounting plugin Synthesis
LogPluginManager: Mounting plugin AudioSynesthesia
LogPluginManager: Mounting plugin WindowsMoviePlayer
TomlLog: Display: WITH_TOML_RELOAD=0
LogInit: Using libcurl 7.55.1-DEV
LogInit:  - built for x86_64-pc-win32
LogInit:  - supports SSL with OpenSSL/1.1.1
LogInit:  - supports HTTP deflate (compression) using libz 1.2.8
LogInit:  - other features:
LogInit:      CURL_VERSION_SSL
LogInit:      CURL_VERSION_LIBZ
LogInit:      CURL_VERSION_IPV6
LogInit:      CURL_VERSION_ASYNCHDNS
LogInit:      CURL_VERSION_LARGEFILE
LogInit:      CURL_VERSION_IDN
LogInit:  CurlRequestOptions (configurable via config and command line):
LogInit:  - bVerifyPeer = true  - Libcurl will verify peer certificate
LogInit:  - bUseHttpProxy = false  - Libcurl will NOT use HTTP proxy
LogInit:  - bDontReuseConnections = false  - Libcurl will reuse connections
LogInit:  - MaxHostConnections = 16  - Libcurl will limit the number of connections to a host
LogInit:  - LocalHostAddr = Default
LogInit:  - BufferSize = 65536
LogSteamShared: Display: Loading Steam SDK 1.51
LogSteamShared: Steam SDK Loaded!
LogOnline: OSS: Creating online subsystem instance for: Steam
LogOnline: STEAM: [AppId: 1149460] Game Server API initialized 1
LogOnline: STEAM: Initializing SteamNetworking Layer
LogOnline: STEAM: Missing P2PCleanupTimeout key in OnlineSubsystemSteam of DefaultEngine.ini, using default
LogInit: WinSock: version 1.1 (2.2), MaxSocks=32767, MaxUdp=65467
LogOnline: STEAM: AUTH: Steam Auth Enabled
LogOnline: OSS: TryLoadSubsystemAndSetDefault: Loaded subsystem for module [Steam]
LogDLSSNGXVulkanRHIPreInit: FNGXVulkanRHIPreInitModule::StartupModule Enter
LogDLSSNGXVulkanRHIPreInit: This UE instance does not render; skipping of pregistering the required NGX DLSS Vulkan device and instance extensions via the VulkanRHIBridge
LogDLSSNGXVulkanRHIPreInit: FNGXVulkanRHIPreInitModule::StartupModule Leave
LogFSR: FSR Spatial Upscaling Module Started
LogLuminAPIImpl: Warning: MLSDK not found.  This likely means the MLSDK environment variable is not set.
LogInit: Build: ++UE4+Release-4.27-CL-0
LogInit: Engine Version: 4.27.2-0+++UE4+Release-4.27
LogInit: Compatible Engine Version: 4.27.0-0+++UE4+Release-4.27
LogInit: Net CL: 0
LogInit: OS: Windows 10 (), CPU: 12th Gen Intel(R) Core(TM) i7-12700K, GPU: Wine Adapter
LogInit: Compiled (64-bit): Oct 31 2023 09:49:19
LogInit: Compiled with Visual C++: 19.29.30151.00
LogInit: Build Configuration: Shipping
LogInit: Branch Name: ++UE4+Release-4.27
LogInit: Command Line:  -Log -UserDir=C:\icarus -SteamServerName=CostaDelMars -PORT=17777 -QueryPort=27015
LogInit: Base Directory: Z:/opt/icarus/server/Icarus/Binaries/Win64/
LogInit: Allocator: binned2
LogInit: Installed Engine Build: 0
LogInit: Presizing for max 2097152 objects, including 1 objects not considered by GC, pre-allocating 0 bytes for permanent pool.
LogStreaming: Display: Async Loading initialized: Event Driven Loader: true, Async Loading Thread: false, Async Post Load: false
LogInit: Object subsystem initialized
[2025.01.17-01.38.03:315][  0]LogInit: Selected Device Profile: [WindowsServer]
[2025.01.17-01.38.03:315][  0]LogInit: Applying CVar settings loaded from the selected device profile: [WindowsServer]
[2025.01.17-01.38.03:315][  0]LogHAL: Display: Platform has ~ 63 GB [67168415744 / 68719476736 / 63], which maps to Largest [LargestMinGB=32, LargerMinGB=12, DefaultMinGB=8, SmallerMinGB=6, SmallestMinGB=0)
[2025.01.17-01.38.03:315][  0]LogInit: Going up to parent DeviceProfile [Windows]
[2025.01.17-01.38.03:315][  0]LogInit: Warning: Creating unregistered Device Profile CVar: [[r.VT.MaxUploadsPerFrameInEditor:4]]
[2025.01.17-01.38.03:315][  0]LogInit: Going up to parent DeviceProfile []
[2025.01.17-01.38.03:315][  0]LogInit: Computer: ICARUS
[2025.01.17-01.38.03:315][  0]LogInit: User: icarus
[2025.01.17-01.38.03:315][  0]LogInit: CPU Page size=4096, Cores=12
[2025.01.17-01.38.03:315][  0]LogInit: High frequency timer resolution =10.000000 MHz
[2025.01.17-01.38.03:315][  0]LogMemory: Memory total: Physical=62.6GB (63GB approx)
[2025.01.17-01.38.03:315][  0]LogMemory: Platform Memory Stats for WindowsServer
[2025.01.17-01.38.03:315][  0]LogMemory: Process Physical Memory: 274.09 MB used, 287.19 MB peak
[2025.01.17-01.38.03:315][  0]LogMemory: Process Virtual Memory: 247.53 MB used, 247.53 MB peak
[2025.01.17-01.38.03:315][  0]LogMemory: Physical Memory: 24231.51 MB used,  39825.29 MB free, 64056.79 MB total
[2025.01.17-01.38.03:315][  0]LogMemory: Virtual Memory: 134177680.00 MB used,  40050.30 MB free, 134217728.00 MB total
[2025.01.17-01.38.03:316][  0]LogWindows: WindowsPlatformFeatures disabled or dedicated server build
[2025.01.17-01.38.03:324][  0]LogInit: Physics initialised using underlying interface: PhysX
[2025.01.17-01.38.03:325][  0]LogInit: Using OS detected language (en-US).
[2025.01.17-01.38.03:325][  0]LogInit: Using OS detected locale (en-US).
[2025.01.17-01.38.03:326][  0]LogTextLocalizationManager: No specific localization for 'en-US' exists, so the 'en' localization will be used.
[2025.01.17-01.38.03:342][  0]LogRendererCore: Ray tracing is disabled. Reason: not supported by current RHI.
[2025.01.17-01.38.03:346][  0]LogInit: Using OS detected language (en-US).
[2025.01.17-01.38.03:346][  0]LogInit: Using OS detected locale (en-US).
[2025.01.17-01.38.03:346][  0]LogTextLocalizationManager: No specific localization for 'en-US' exists, so the 'en' localization will be used.
[2025.01.17-01.38.03:354][  0]LogAssetRegistry: FAssetRegistry took 0.0066 seconds to start up
[2025.01.17-01.38.03:434][  0]LogTextLocalizationManager: Compacting localization data took   1.59ms
[2025.01.17-01.38.03:434][  0]LogStreaming: Display: FlushAsyncLoading: 1 QueuedPackages, 0 AsyncPackages
[2025.01.17-01.38.03:434][  0]LogPackageLocalizationCache: Processed 48 localized package path(s) for 1 prioritized culture(s) in 0.000065 seconds
[2025.01.17-01.38.03:435][  0]LogInit: Selected Device Profile: [WindowsServer]
[2025.01.17-01.38.03:435][  0]LogInit: Active device profile: [000000001B867840][0000000005E3C010 49] WindowsServer
[2025.01.17-01.38.03:436][  0]LogInit: Profiles: [000000001B8679C0][0000000005E3D560 49] Windows, [000000001B867840][0000000005E3C010 49] WindowsServer, 
[2025.01.17-01.38.03:444][  0]LogSerialization: Display: AllowBulkDataInIoStore: 'true'
[2025.01.17-01.38.03:451][  0]LogNetVersion: Icarus 1.0.0, NetCL: 0, EngineNetVer: 17, GameNetVer: 0 (Checksum: 1447163286)
[2025.01.17-01.38.03:464][  0]LogAudioCaptureCore: Display: No Audio Capture implementations found. Audio input will be silent.
[2025.01.17-01.38.03:464][  0]LogAudioCaptureCore: Display: No Audio Capture implementations found. Audio input will be silent.
[2025.01.17-01.38.03:487][  0]LogUObjectArray: 33829 objects as part of root set at end of initial load.
[2025.01.17-01.38.03:487][  0]LogUObjectAllocator: 7185384 out of 0 bytes used by permanent object pool.
[2025.01.17-01.38.03:487][  0]LogUObjectArray: CloseDisregardForGC: 33829/0 objects in disregard for GC pool
[2025.01.17-01.38.03:490][  0]LogGauntlet: Display: Gauntlet Initialized
[2025.01.17-01.38.03:492][  0]LogFMOD: Error: 'FMOD::Debug_Initialize(FMOD_DEBUG_LEVEL_WARNING, FMOD_DEBUG_MODE_CALLBACK, FMODLogCallback)' returned 'A command issued was not supported by this object.  Possibly a plugin without certain callbacks specified.'
[2025.01.17-01.38.03:497][  0]LogFMOD: Error: 'FMOD::Debug_Initialize(flags, FMOD_DEBUG_MODE_CALLBACK, FMODLogCallback)' returned 'A command issued was not supported by this object.  Possibly a plugin without certain callbacks specified.'
[2025.01.17-01.38.03:497][  0]IcarusOSSLog: SubsystemIcarus Startup!
[2025.01.17-01.38.03:497][  0]LogSubstanceCoreModule: Substance [GPU] Engine Loaded, Max Texture Size = 8192
[2025.01.17-01.38.03:498][  0]LogShaderLibrary: Display: ShaderCodeLibraryPakFileMountedCallback: PakFile 'Z:/opt/icarus/server/Icarus/Content/Data/data.pak' (chunk index -1, root '../../../Icarus/Content/Data/') mounted
[2025.01.17-01.38.03:498][  0]LogShaderLibrary: Display: ShaderCodeLibraryPakFileMountedCallback: pending pak file info (ChunkID:-1 Root:../../../Icarus/Content/Data/ File:Z:/opt/icarus/server/Icarus/Content/Data/data.pak)
[2025.01.17-01.38.03:507][  0]EOSOSSLog: SubsystemEOS Startup!
[2025.01.17-01.38.03:508][  0]LogAndroidPermission: UAndroidPermissionCallbackProxy::GetInstance
[2025.01.17-01.38.03:508][  0]LogEngine: Initializing Engine...
[2025.01.17-01.38.03:512][  0]LogStats: UGameplayTagsManager::InitializeManager -  0.003 s
[2025.01.17-01.38.03:524][  0]LogInit: Initializing FReadOnlyCVARCache
[2025.01.17-01.38.03:524][  0]LogNetVersion: Set ProjectVersion to 2.2.37.131606-rel-Laika. Version Checksum will be recalculated on next use.
[2025.01.17-01.38.03:524][  0]LogInit: Texture streaming: Disabled
[2025.01.17-01.38.03:731][  0]LogStreaming: Error: Couldn't find file for package /Script/FunctionalTesting requested by async loading code. NameToLoad: /Script/FunctionalTesting
[2025.01.17-01.38.03:731][  0]LogStreaming: Error: Found 1 dependent packages...
[2025.01.17-01.38.03:731][  0]LogStreaming: Error:   /Game/BP/Tools/CheatFunctions/CF_TakeScreenshotUI
[2025.01.17-01.38.03:864][  0]LogProperty: Error: Struct type unknown for property 'StructProperty /Game/BP/Tools/CheatFunctions/CF_TakeScreenshotUI.CF_TakeScreenshotUI_C:ExecuteUbergraph_CF_TakeScreenshotUI:K2Node_MakeStruct_AutomationScreenshotOptions'; perhaps the USTRUCT() was renamed or deleted?
[2025.01.17-01.38.03:864][  0]LogProperty: Error: Struct type unknown for property 'StructProperty /Game/BP/Tools/CheatFunctions/CF_TakeScreenshot.CF_TakeScreenshot_C:ExecuteUbergraph_CF_TakeScreenshot:K2Node_MakeStruct_AutomationScreenshotOptions'; perhaps the USTRUCT() was renamed or deleted?
[2025.01.17-01.38.04:547][  0]IcarusUtilitiesLog: Warning: D_AssetReferences was unexpectedly requested for load, was expected to load during the 'PostEngineInit' phase
[2025.01.17-01.38.04:559][  0]IcarusUtilitiesLog: Warning: D_PlayerTrackers was unexpectedly requested for load, was expected to load during the 'PostContentServer' phase
[2025.01.17-01.38.04:623][  0]LogOnline: OSS: Creating online subsystem instance for: Icarus
[2025.01.17-01.38.04:623][  0]IcarusOSSLog: Error: Login() failed: Empty Id
[2025.01.17-01.38.04:623][  0]LogInit: Display: Game Engine Initialized.
[2025.01.17-01.38.07:055][  0]IcarusUtilitiesLog: Warning: D_TalentTrees was unexpectedly requested for load, was expected to load during the 'PostContentServer' phase
[2025.01.17-01.38.09:653][  0]LogDLSS: FDLSSModule::StartupModule Enter
[2025.01.17-01.38.09:653][  0]LogDLSS: PluginBaseDir ../../../Engine/Plugins/Runtime/Nvidia/DLSS
[2025.01.17-01.38.09:653][  0]LogDLSS: NGXBinariesDir ../../../Engine/Plugins/Runtime/Nvidia/DLSS/Binaries/ThirdParty/Win64/
[2025.01.17-01.38.09:653][  0]LogDLSS: GDynamicRHIName Unknown Null
[2025.01.17-01.38.09:653][  0]LogDLSS: NVIDIA NGX DLSS requires an NVIDIA RTX series graphics card
[2025.01.17-01.38.09:653][  0]LogDLSS: NVIDIA NGX DLSS supported 0
[2025.01.17-01.38.09:653][  0]LogDLSS: FDLSSModule::StartupModule Leave
[2025.01.17-01.38.09:653][  0]LogDLSSNGXRHI: FNGXRHIModule::StartupModule Enter
[2025.01.17-01.38.09:653][  0]LogDLSSNGXRHI: FNGXRHIModule::StartupModule Leave
[2025.01.17-01.38.09:653][  0]LogStreamline: FStreamlineCoreModule::StartupModule Enter
[2025.01.17-01.38.09:653][  0]LogStreamline: NVIDIA Streamline supported 0
[2025.01.17-01.38.09:653][  0]LogStreamline: FStreamlineCoreModule::StartupModule Leave
[2025.01.17-01.38.09:653][  0]LogInit: Display: Starting Game.
[2025.01.17-01.38.09:653][  0]LogNet: Browse: /Game/Maps/DedicatedServerEntry?Name=Player
[2025.01.17-01.38.09:653][  0]LogIcarusGameInstance: HandlePreLoadMap - MapName: /Game/Maps/DedicatedServerEntry
[2025.01.17-01.38.09:654][  0]LogLoad: LoadMap: /Game/Maps/DedicatedServerEntry?Name=Player
[2025.01.17-01.38.09:654][  0]LogWorld: BeginTearingDown for /Temp/Untitled_1
[2025.01.17-01.38.09:655][  0]LogWorld: UWorld::CleanupWorld for Untitled, bSessionEnded=true, bCleanupResources=true
[2025.01.17-01.38.09:685][  0]LogUObjectHash: Compacting FUObjectHashTables data took   4.11ms
[2025.01.17-01.38.09:705][  0]LogAIModule: Creating AISystem for world DedicatedServerEntry
[2025.01.17-01.38.09:706][  0]LogLoad: Game class is 'BP_DedicatedServerEntryGameMode_C'
[2025.01.17-01.38.09:744][  0]LogNetCore: DDoS detection status: detection enabled: 0 analytics enabled: 0
[2025.01.17-01.38.09:744][  0]LogNet: Display: SteamNetDriver_2147482081 bound to port 17777
[2025.01.17-01.38.09:744][  0]PacketHandlerLog: Loaded PacketHandler component: Engine.EngineHandlerComponentFactory (StatelessConnectHandlerComponent)
[2025.01.17-01.38.09:744][  0]PacketHandlerLog: Init Handler Complete - StatelessConnectHandlerComponent
[2025.01.17-01.38.09:744][  0]PacketHandlerLog: All Handlers Initialised
[2025.01.17-01.38.09:744][  0]LogNet: GameNetDriver SteamNetDriver_2147482081 IpNetDriver listening on port 17777
[2025.01.17-01.38.09:745][  0]LogWorld: Bringing World /Game/Maps/DedicatedServerEntry.DedicatedServerEntry up for play (max tick rate 30) at 2025.01.17-01.38.09
[2025.01.17-01.38.09:745][  0]LogWorld: Bringing up level for play took: 0.000270
[2025.01.17-01.38.09:745][  0]LogGameMode: Display: Match State Changed from EnteringMap to WaitingToStart
[2025.01.17-01.38.09:745][  0]LogLocalSessionSubsystem: Display: ResetActiveProspect - ProspectID: NULL | ProspectDTKey: NULL
[2025.01.17-01.38.09:746][  0]LogContent: Pak meta checks passed.
[2025.01.17-01.38.09:746][  0]LogDedicatedServerEntry: ------------------------------------------------
[2025.01.17-01.38.09:746][  0]LogDedicatedServerEntry: -- Dedicated server begin processing commands --
[2025.01.17-01.38.09:746][  0]LogDedicatedServerEntry: ------------------------------------------------
[2025.01.17-01.38.09:746][  0]LogIcarusGameInstance:   ====> Version: 2.2.37.131606-Shipping-Laika <====
[2025.01.17-01.38.09:746][  0]LogGameState: Match State Changed from EnteringMap to WaitingToStart
[2025.01.17-01.38.09:746][  0]LogIcarusGameInstance: HandlePostLoadMap - WorldMapName: DedicatedServerEntry
[2025.01.17-01.38.09:746][  0]LogLoad: Took 0.092219 seconds to LoadMap(/Game/Maps/DedicatedServerEntry)
[2025.01.17-01.38.09:746][  0]LogInit: Display: Engine is initialized. Leaving FEngineLoop::Init()
[2025.01.17-01.38.09:746][  0]LogLoad: (Engine Initialization) Total time: 6.93 seconds
[2025.01.17-01.38.09:746][  0]LogIcarusGraphicsSettings: Warning: >> r.FidelityFX.FSR.Enabled is now: 0
[2025.01.17-01.38.09:746][  0]LogIcarusGraphicsSettings: Warning: >> FSR Mode is now: 0
[2025.01.17-01.38.09:746][  0]LogIcarusGraphicsSettings: >> ResolutionScale is now 100.000000 (0x0)
[2025.01.17-01.38.09:747][  0]LogIcarusGraphicsSettings: Warning: >> r.VolumetricRenderTarget.Mode: 1 => 1
[2025.01.17-01.38.09:747][  0]LogIcarusGraphicsSettings: Warning: >> r.VolumetricRenderTarget.UpsamplingMode: 4 => 4
[2025.01.17-01.38.09:747][  0]LogIcarusGraphicsSettings: Warning: >> r.FidelityFX.FSR.Enabled is now: 0
[2025.01.17-01.38.09:747][  0]LogIcarusGraphicsSettings: Warning: >> FSR Mode is now: 0
[2025.01.17-01.38.09:747][  0]LogIcarusGraphicsSettings: Warning: >> r.FidelityFX.FSR.RCAS.Sharpness is now: 0.950000 => 0.2
[2025.01.17-01.38.09:747][  0]LogConsoleManager: Warning: Setting the console variable 'r.RTXGI.DDGI' with 'SetByGameSetting' was ignored as it is lower priority than the previous 'SetByProjectSetting'. Value remains 'true'
[2025.01.17-01.38.09:747][  0]LogConsoleManager: Warning: Setting the console variable 'r.RayTracing.AmbientOcclusion' with 'SetByGameSetting' was ignored as it is lower priority than the previous 'SetByProjectSetting'. Value remains '0'
[2025.01.17-01.38.09:747][  0]LogConsoleManager: Warning: Setting the console variable 'r.RayTracing.Shadows' with 'SetByGameSetting' was ignored as it is lower priority than the previous 'SetByProjectSetting'. Value remains '0'
[2025.01.17-01.38.09:747][  0]LogConsoleManager: Warning: Setting the console variable 'r.RayTracing.Reflections' with 'SetByGameSetting' was ignored as it is lower priority than the previous 'SetByProjectSetting'. Value remains '0'
[2025.01.17-01.38.09:747][  0]LogConsoleManager: Warning: Setting the console variable 'r.RayTracing.DebugForceOpaque' with 'SetByGameSetting' was ignored as it is lower priority than the previous 'SetByProjectSetting'. Value remains '1'
[2025.01.17-01.38.09:747][  0]LogIcarusGraphicsSettings: Warning: >> AA Method is now: 2
[2025.01.17-01.38.09:747][  0]LogConsoleManager: Warning: Setting the console variable 'r.Shadow.CSM.MaxCascades' with 'SetByScalability' was ignored as it is lower priority than the previous 'SetByGameSetting'. Value remains '2'
[2025.01.17-01.38.09:747][  0]LogConsoleManager: Warning: Setting the console variable 'r.ContactShadows' with 'SetByScalability' was ignored as it is lower priority than the previous 'SetByGameSetting'. Value remains '1'
[2025.01.17-01.38.09:747][  0]LogConsoleManager: Warning: Setting the console variable 'r.Streaming.LimitPoolSizeToVRAM' with 'SetByScalability' was ignored as it is lower priority than the previous 'SetByGameSetting'. Value remains '1'
[2025.01.17-01.38.09:747][  0]LogConsoleManager: Warning: Setting the console variable 'r.Streaming.PoolSize' with 'SetByScalability' was ignored as it is lower priority than the previous 'SetByGameSetting'. Value remains '4500'
[2025.01.17-01.38.09:812][  0]LogUObjectHash: Compacting FUObjectHashTables data took   3.40ms
[2025.01.17-01.38.09:826][  1]IcarusOSSLog: Error: OnResUserTicket : No player found
[2025.01.17-01.53.54:203][818]LogOnline: STEAM: Adding P2P connection information with user 76561199036446150 (Name: UNKNOWN [0x1100001402535C6])
[2025.01.17-01.53.57:812][927]LogNet: NotifyAcceptingConnection accepted from: 76561199036446150:17777
[2025.01.17-01.53.57:812][927]LogNet: NotifyAcceptingConnection accepted from: 76561199036446150:17777
[2025.01.17-01.53.57:813][927]LogNet: NotifyAcceptingConnection accepted from: 76561199036446150:17777
[2025.01.17-01.53.57:813][927]LogNet: NotifyAcceptingConnection accepted from: 76561199036446150:17777
[2025.01.17-01.53.57:845][928]LogNet: NotifyAcceptingConnection accepted from: 76561199036446150:17777
[2025.01.17-01.53.57:846][928]LogNet: Server accepting post-challenge connection from: 76561199036446150:17777
[2025.01.17-01.53.57:846][928]PacketHandlerLog: Loaded PacketHandler component: OnlineSubsystemSteam.SteamAuthComponentModuleInterface ()
[2025.01.17-01.53.57:846][928]PacketHandlerLog: Loaded PacketHandler component: Engine.EngineHandlerComponentFactory (StatelessConnectHandlerComponent)
[2025.01.17-01.53.57:846][928]PacketHandlerLog: Init Handler Complete - StatelessConnectHandlerComponent
[2025.01.17-01.53.57:846][928]LogOnline: STEAM: Adding user 76561199036446150:17777 from RegisterConnection
[2025.01.17-01.53.57:846][928]LogNet: NotifyAcceptedConnection: Name: DedicatedServerEntry, TimeStamp: 01/17/25 01:53:57, [UNetConnection] RemoteAddr: 76561199036446150:17777, Name: SteamNetConnection_2147482067, Driver: GameNetDriver SteamNetDriver_2147482081, IsServer: YES, PC: NULL, Owner: NULL, UniqueId: INVALID
[2025.01.17-01.53.57:846][928]LogNet: AddClientConnection: Added client connection: [UNetConnection] RemoteAddr: 76561199036446150:17777, Name: SteamNetConnection_2147482067, Driver: GameNetDriver SteamNetDriver_2147482081, IsServer: YES, PC: NULL, Owner: NULL, UniqueId: INVALID
[2025.01.17-01.53.57:848][928]LogOnline: STEAM: AUTH HANDLER: Sending auth result to user 76561199036446150 with flag success? 1
[2025.01.17-01.53.57:848][928]PacketHandlerLog: Init Handler Complete - None
[2025.01.17-01.53.57:848][928]PacketHandlerLog: All Handlers Initialised
[2025.01.17-01.53.57:895][929]LogNet: NotifyAcceptingChannel Control 0 server World /Game/Maps/DedicatedServerEntry.DedicatedServerEntry: Accepted
[2025.01.17-01.53.57:895][929]LogNet: Remote platform little endian=1
[2025.01.17-01.53.57:895][929]LogNet: This platform little endian=1
[2025.01.17-01.53.57:895][929]LogNetVersion: Icarus 2.2.37.131606-rel-Laika, NetCL: 0, EngineNetVer: 17, GameNetVer: 0 (Checksum: 2056229813)
[2025.01.17-01.53.57:895][929]LogNet: NotifyControlMessage: Client connecting with invalid version. LocalNetworkVersion: 2056229813, RemoteNetworkVersion: -2138218097
[2025.01.17-01.53.57:895][929]LogNet: UNetConnection::Close: [UNetConnection] RemoteAddr: 76561199036446150:17777, Name: SteamNetConnection_2147482067, Driver: GameNetDriver SteamNetDriver_2147482081, IsServer: YES, PC: NULL, Owner: NULL, UniqueId: INVALID, Channels: 2, Time: 2025.01.17-01.53.57
[2025.01.17-01.53.57:895][929]LogNet: UChannel::Close: Sending CloseBunch. ChIndex == 0. Name: [UChannel] ChIndex: 0, Closing: 0 [UNetConnection] RemoteAddr: 76561199036446150:17777, Name: SteamNetConnection_2147482067, Driver: GameNetDriver SteamNetDriver_2147482081, IsServer: YES, PC: NULL, Owner: NULL, UniqueId: INVALID
[2025.01.17-01.53.57:928][930]LogNet: UNetConnection::PendingConnectionLost. [UNetConnection] RemoteAddr: 76561199036446150:17777, Name: SteamNetConnection_2147482067, Driver: GameNetDriver SteamNetDriver_2147482081, IsServer: YES, PC: NULL, Owner: NULL, UniqueId: INVALID bPendingDestroy=0 
[2025.01.17-01.53.57:928][930]LogOnline: STEAM: Removing P2P Session Id: UNKNOWN [0x1100001402535C6], Channel: 17777, IdleTime: 0.034
[2025.01.17-01.53.59:443][977]LogOnline: STEAM: Closing channel 17777 with user 76561199036446150
[2025.01.17-01.53.59:444][977]LogOnline: STEAM: 76561199036446150 has been removed.
